<?xml version="1.0" encoding="UTF-8"?>
<testng-results total="1" passed="1" failed="0" skipped="0">
  <reporter-output>
  </reporter-output>
  <suite started-at="2020-12-13T16:03:34Z" name="Suite" finished-at="2020-12-13T16:03:34Z" duration-ms="56">
    <groups>
    </groups>
    <test started-at="2020-12-13T16:03:34Z" name="Test" finished-at="2020-12-13T16:03:34Z" duration-ms="56">
      <class name="demoProject.TestClass">
        <test-method signature="check()[pri:0, instance:demoProject.TestClass@bb9e6dc]" started-at="2020-12-13T16:03:34Z" name="check" finished-at="2020-12-13T16:03:34Z" duration-ms="17" status="PASS">
          <reporter-output>
          </reporter-output>
        </test-method> <!-- check -->
      </class> <!-- demoProject.TestClass -->
    </test> <!-- Test -->
  </suite> <!-- Suite -->
</testng-results>
